<?xml version="1.0" encoding="UTF-8"?>
<!-- Generated by org.testng.reporters.JUnitXMLReporter -->
<testsuite ignored="4" hostname="DESKTOP-FJ3LEFB" failures="1" tests="2" name="Account Tests after Bill pay" time="0.627" errors="0" timestamp="2025-04-15T00:49:47 BST">
  <testcase classname="com.automate.testcases.ui.AccountPageTests" name="clickAccountManagerLink" time="0.288"/>
  <testcase classname="com.automate.testcases.ui.AccountPageTests" name="verifyTableRowsAfterFirstPayBillRequest" time="0.298">
    <failure type="java.lang.AssertionError" message="Table row values after first billpay are not correct: Lists differ at element [1]: $510.50 != $515.50 expected [$510.50] but found [$515.50]">
      <![CDATA[java.lang.AssertionError: Table row values after first billpay are not correct: Lists differ at element [1]: $510.50 != $515.50 expected [$510.50] but found [$515.50]
at org.testng.Assert.fail(Assert.java:111)
at org.testng.Assert.failNotEquals(Assert.java:1590)
at org.testng.Assert.assertEqualsImpl(Assert.java:150)
at org.testng.Assert.assertEquals(Assert.java:1656)
at com.automate.testcases.ui.AccountPageTests.verifyTableRowsAfterFirstPayBillRequest(AccountPageTests.java:53)
at java.base/jdk.internal.reflect.DirectMethodHandleAccessor.invoke(DirectMethodHandleAccessor.java:103)
at java.base/java.lang.reflect.Method.invoke(Method.java:580)
at org.testng.internal.invokers.MethodInvocationHelper.invokeMethod(MethodInvocationHelper.java:141)
at org.testng.internal.invokers.TestInvoker.invokeMethod(TestInvoker.java:687)
at org.testng.internal.invokers.TestInvoker.invokeTestMethod(TestInvoker.java:230)
at org.testng.internal.invokers.MethodRunner.runInSequence(MethodRunner.java:63)
at org.testng.internal.invokers.TestInvoker$MethodInvocationAgent.invoke(TestInvoker.java:995)
at org.testng.internal.invokers.TestInvoker.invokeTestMethods(TestInvoker.java:203)
at org.testng.internal.invokers.TestMethodWorker.invokeTestMethods(TestMethodWorker.java:154)
at org.testng.internal.invokers.TestMethodWorker.run(TestMethodWorker.java:134)
at java.base/java.util.ArrayList.forEach(ArrayList.java:1596)
at org.testng.TestRunner.privateRun(TestRunner.java:741)
at org.testng.TestRunner.run(TestRunner.java:616)
at org.testng.SuiteRunner.runTest(SuiteRunner.java:421)
at org.testng.SuiteRunner.runSequentially(SuiteRunner.java:413)
at org.testng.SuiteRunner.privateRun(SuiteRunner.java:373)
at org.testng.SuiteRunner.run(SuiteRunner.java:312)
at org.testng.SuiteRunnerWorker.runSuite(SuiteRunnerWorker.java:52)
at org.testng.SuiteRunnerWorker.run(SuiteRunnerWorker.java:95)
at org.testng.TestNG.runSuitesSequentially(TestNG.java:1274)
at org.testng.TestNG.runSuitesLocally(TestNG.java:1208)
at org.testng.TestNG.runSuites(TestNG.java:1112)
at org.testng.TestNG.run(TestNG.java:1079)
at org.testng.remote.AbstractRemoteTestNG.run(AbstractRemoteTestNG.java:115)
at org.testng.remote.RemoteTestNG.initAndRun(RemoteTestNG.java:293)
at org.testng.remote.RemoteTestNG.main(RemoteTestNG.java:91)
]]>
    </failure>
  </testcase> <!-- verifyTableRowsAfterFirstPayBillRequest -->
  <testcase classname="com.automate.testcases.ui.AccountPageTests" name="getFirstAccountId" time="0.0">
    <ignored/>
  </testcase> <!-- getFirstAccountId -->
  <testcase classname="com.automate.testcases.ui.AccountPageTests" name="testInitialRowBalanceValue" time="0.0">
    <ignored/>
  </testcase> <!-- testInitialRowBalanceValue -->
  <testcase classname="com.automate.testcases.ui.AccountPageTests" name="testInitialAvailableAmountValue" time="0.0">
    <ignored/>
  </testcase> <!-- testInitialAvailableAmountValue -->
  <testcase classname="com.automate.testcases.ui.AccountPageTests" name="verifyAccountManagerTableHeaders" time="0.0">
    <ignored/>
  </testcase> <!-- verifyAccountManagerTableHeaders -->
</testsuite> <!-- Account Tests after Bill pay -->
