<!DOCTYPE html PUBLIC "-//W3C//DTD XHTML 1.1//EN" "https://www.w3.org/TR/xhtml11/DTD/xhtml11.dtd">
<html xmlns="https://www.w3.org/1999/xhtml">
<head>
<meta http-equiv="content-type" content="text/html; charset=UTF-8"/>
<title>TestNG Report</title>
<style type="text/css">table {margin-bottom:10px;border-collapse:collapse;empty-cells:show}th,td {border:1px solid #009;padding:.25em .5em}th {vertical-align:bottom}td {vertical-align:top}table a {font-weight:bold}.stripe td {background-color: #E6EBF9}.num {text-align:right}.passedodd td {background-color: #3F3}.passedeven td {background-color: #0A0}.skippedodd td {background-color: #DDD}.skippedeven td {background-color: #CCC}.failedodd td,.attn {background-color: #F33}.failedeven td,.stripe .attn {background-color: #D00}.stacktrace {white-space:pre;font-family:monospace}.totop {font-size:85%;text-align:center;border-bottom:2px solid #000}.invisible {display:none}</style>
</head>
<body>
<table>
<tr><th>Test</th><th># Passed</th><th># Skipped</th><th># Retried</th><th># Failed</th><th>Time (ms)</th><th>Included Groups</th><th>Excluded Groups</th></tr>
<tr><th colspan="8">All Test Suite - Set 1</th></tr>
<tr><td><a href="#t0">Registration and Account actions Tests</a></td><td class="num">9</td><td class="num">0</td><td class="num">0</td><td class="num">0</td><td class="num">4,363</td><td></td><td></td></tr>
<tr class="stripe"><td><a href="#t1">API Tests</a></td><td class="num">0</td><td class="num">0</td><td class="num">0</td><td class="num attn">1</td><td class="num">20</td><td></td><td></td></tr>
<tr><td><a href="#t2">Account Tests after Bill pay</a></td><td class="num">1</td><td class="num">0</td><td class="num">0</td><td class="num attn">1</td><td class="num">627</td><td></td><td></td></tr>
<tr><th>Total</th><th class="num">10</th><th class="num">0</th><th class="num">0</th><th class="num attn">2</th><th class="num">5,010</th><th colspan="2"></th></tr>
</table>
<table id='summary'><thead><tr><th>Class</th><th>Method</th><th>Start</th><th>Time (ms)</th></tr></thead><tbody><tr><th colspan="4">All Test Suite - Set 1</th></tr></tbody><tbody id="t0"><tr><th colspan="4">Registration and Account actions Tests &#8212; passed</th></tr><tr class="passedeven"><td rowspan="5">com.automate.testcases.ui.AccountPageTests</td><td><a href="#m0">clickAccountManagerLink</a></td><td rowspan="1">1744674584961</td><td rowspan="1">1346</td></tr><tr class="passedeven"><td><a href="#m1">getFirstAccountId</a></td><td rowspan="1">1744674586310</td><td rowspan="1">32</td></tr><tr class="passedeven"><td><a href="#m2">testInitialAvailableAmountValue</a></td><td rowspan="1">1744674586344</td><td rowspan="1">25</td></tr><tr class="passedeven"><td><a href="#m3">testInitialRowBalanceValue</a></td><td rowspan="1">1744674586372</td><td rowspan="1">25</td></tr><tr class="passedeven"><td><a href="#m4">verifyAccountManagerTableHeaders</a></td><td rowspan="1">1744674586400</td><td rowspan="1">47</td></tr><tr class="passedodd"><td rowspan="4">com.automate.testcases.ui.RegistrationPageTests</td><td><a href="#m5">clickRegistrationLink</a></td><td rowspan="1">1744674582269</td><td rowspan="1">502</td></tr><tr class="passedodd"><td><a href="#m6">fillMatchingPasswordsAndRegister</a></td><td rowspan="1">1744674584353</td><td rowspan="1">579</td></tr><tr class="passedodd"><td><a href="#m7">fillNotMatchingPasswordsAndRegister</a></td><td rowspan="1">1744674583708</td><td rowspan="1">641</td></tr><tr class="passedodd"><td><a href="#m8">testFillInForm</a></td><td rowspan="1">1744674582789</td><td rowspan="1">914</td></tr></tbody>
<tbody id="t1"><tr><th colspan="4">API Tests &#8212; failed</th></tr><tr class="failedeven"><td rowspan="1">com.automate.testcases.api.BillPayApiTest</td><td><a href="#m9">billPay</a></td><td rowspan="1">1744674586524</td><td rowspan="1">0</td></tr></tbody>
<tbody id="t2"><tr><th colspan="4">Account Tests after Bill pay &#8212; failed</th></tr><tr class="failedeven"><td rowspan="1">com.automate.testcases.ui.AccountPageTests</td><td><a href="#m10">verifyTableRowsAfterFirstPayBillRequest</a></td><td rowspan="1">1744674586862</td><td rowspan="1">298</td></tr><tr><th colspan="4">Account Tests after Bill pay &#8212; passed</th></tr><tr class="passedeven"><td rowspan="1">com.automate.testcases.ui.AccountPageTests</td><td><a href="#m11">clickAccountManagerLink</a></td><td rowspan="1">1744674586572</td><td rowspan="1">288</td></tr></tbody>
</table>
<h2>Registration and Account actions Tests</h2><h3 id="m0">com.automate.testcases.ui.AccountPageTests#clickAccountManagerLink</h3><table class="result"><tr><th class="invisible"/></tr></table><p class="totop"><a href="#summary">back to summary</a></p>
<h3 id="m1">com.automate.testcases.ui.AccountPageTests#getFirstAccountId</h3><table class="result"><tr><th class="invisible"/></tr></table><p class="totop"><a href="#summary">back to summary</a></p>
<h3 id="m2">com.automate.testcases.ui.AccountPageTests#testInitialAvailableAmountValue</h3><table class="result"><tr><th class="invisible"/></tr></table><p class="totop"><a href="#summary">back to summary</a></p>
<h3 id="m3">com.automate.testcases.ui.AccountPageTests#testInitialRowBalanceValue</h3><table class="result"><tr><th class="invisible"/></tr></table><p class="totop"><a href="#summary">back to summary</a></p>
<h3 id="m4">com.automate.testcases.ui.AccountPageTests#verifyAccountManagerTableHeaders</h3><table class="result"><tr><th class="invisible"/></tr></table><p class="totop"><a href="#summary">back to summary</a></p>
<h3 id="m5">com.automate.testcases.ui.RegistrationPageTests#clickRegistrationLink</h3><table class="result"><tr><th class="invisible"/></tr></table><p class="totop"><a href="#summary">back to summary</a></p>
<h3 id="m6">com.automate.testcases.ui.RegistrationPageTests#fillMatchingPasswordsAndRegister</h3><table class="result"><tr><th class="invisible"/></tr></table><p class="totop"><a href="#summary">back to summary</a></p>
<h3 id="m7">com.automate.testcases.ui.RegistrationPageTests#fillNotMatchingPasswordsAndRegister</h3><table class="result"><tr><th class="invisible"/></tr></table><p class="totop"><a href="#summary">back to summary</a></p>
<h3 id="m8">com.automate.testcases.ui.RegistrationPageTests#testFillInForm</h3><table class="result"><tr><th class="invisible"/></tr></table><p class="totop"><a href="#summary">back to summary</a></p>
<h2>API Tests</h2><h3 id="m9">com.automate.testcases.api.BillPayApiTest#billPay</h3><table class="result"><tr><th>Exception</th></tr><tr><td><div class="stacktrace">org.testng.TestNGException: 
Method public void com.automate.testcases.api.BillPayApiTest.billPay() requires a @DataProvider named : testParams
	at org.testng.internal.Parameters.findDataProvider(Parameters.java:532)
	at org.testng.internal.Parameters.handleParameters(Parameters.java:769)
	at org.testng.internal.Parameters.handleParameters(Parameters.java:734)
	at org.testng.internal.invokers.ParameterHandler.handleParameters(ParameterHandler.java:72)
	at org.testng.internal.invokers.ParameterHandler.createParameters(ParameterHandler.java:51)
	at org.testng.internal.invokers.TestInvoker$MethodInvocationAgent.invoke(TestInvoker.java:949)
	at org.testng.internal.invokers.TestInvoker.invokeTestMethods(TestInvoker.java:203)
	at org.testng.internal.invokers.TestMethodWorker.invokeTestMethods(TestMethodWorker.java:154)
	at org.testng.internal.invokers.TestMethodWorker.run(TestMethodWorker.java:134)
	at java.base/java.util.ArrayList.forEach(ArrayList.java:1596)
	at org.testng.TestRunner.privateRun(TestRunner.java:741)
	at org.testng.TestRunner.run(TestRunner.java:616)
	at org.testng.SuiteRunner.runTest(SuiteRunner.java:421)
	at org.testng.SuiteRunner.runSequentially(SuiteRunner.java:413)
	at org.testng.SuiteRunner.privateRun(SuiteRunner.java:373)
	at org.testng.SuiteRunner.run(SuiteRunner.java:312)
	at org.testng.SuiteRunnerWorker.runSuite(SuiteRunnerWorker.java:52)
	at org.testng.SuiteRunnerWorker.run(SuiteRunnerWorker.java:95)
	at org.testng.TestNG.runSuitesSequentially(TestNG.java:1274)
	at org.testng.TestNG.runSuitesLocally(TestNG.java:1208)
	at org.testng.TestNG.runSuites(TestNG.java:1112)
	at org.testng.TestNG.run(TestNG.java:1079)
	at org.testng.remote.AbstractRemoteTestNG.run(AbstractRemoteTestNG.java:115)
	at org.testng.remote.RemoteTestNG.initAndRun(RemoteTestNG.java:293)
	at org.testng.remote.RemoteTestNG.main(RemoteTestNG.java:91)
</div></td></tr></table><p class="totop"><a href="#summary">back to summary</a></p>
<h2>Account Tests after Bill pay</h2><h3 id="m10">com.automate.testcases.ui.AccountPageTests#verifyTableRowsAfterFirstPayBillRequest</h3><table class="result"><tr><th>Exception</th></tr><tr><td><div class="stacktrace">java.lang.AssertionError: Table row values after first billpay are not correct: Lists differ at element [1]: $510.50 != $515.50 expected [$510.50] but found [$515.50]
	at org.testng.Assert.fail(Assert.java:111)
	at org.testng.Assert.failNotEquals(Assert.java:1590)
	at org.testng.Assert.assertEqualsImpl(Assert.java:150)
	at org.testng.Assert.assertEquals(Assert.java:1656)
	at com.automate.testcases.ui.AccountPageTests.verifyTableRowsAfterFirstPayBillRequest(AccountPageTests.java:53)
	at java.base/jdk.internal.reflect.DirectMethodHandleAccessor.invoke(DirectMethodHandleAccessor.java:103)
	at java.base/java.lang.reflect.Method.invoke(Method.java:580)
	at org.testng.internal.invokers.MethodInvocationHelper.invokeMethod(MethodInvocationHelper.java:141)
	at org.testng.internal.invokers.TestInvoker.invokeMethod(TestInvoker.java:687)
	at org.testng.internal.invokers.TestInvoker.invokeTestMethod(TestInvoker.java:230)
	at org.testng.internal.invokers.MethodRunner.runInSequence(MethodRunner.java:63)
	at org.testng.internal.invokers.TestInvoker$MethodInvocationAgent.invoke(TestInvoker.java:995)
	at org.testng.internal.invokers.TestInvoker.invokeTestMethods(TestInvoker.java:203)
	at org.testng.internal.invokers.TestMethodWorker.invokeTestMethods(TestMethodWorker.java:154)
	at org.testng.internal.invokers.TestMethodWorker.run(TestMethodWorker.java:134)
	at java.base/java.util.ArrayList.forEach(ArrayList.java:1596)
	at org.testng.TestRunner.privateRun(TestRunner.java:741)
	at org.testng.TestRunner.run(TestRunner.java:616)
	at org.testng.SuiteRunner.runTest(SuiteRunner.java:421)
	at org.testng.SuiteRunner.runSequentially(SuiteRunner.java:413)
	at org.testng.SuiteRunner.privateRun(SuiteRunner.java:373)
	at org.testng.SuiteRunner.run(SuiteRunner.java:312)
	at org.testng.SuiteRunnerWorker.runSuite(SuiteRunnerWorker.java:52)
	at org.testng.SuiteRunnerWorker.run(SuiteRunnerWorker.java:95)
	at org.testng.TestNG.runSuitesSequentially(TestNG.java:1274)
	at org.testng.TestNG.runSuitesLocally(TestNG.java:1208)
	at org.testng.TestNG.runSuites(TestNG.java:1112)
	at org.testng.TestNG.run(TestNG.java:1079)
	at org.testng.remote.AbstractRemoteTestNG.run(AbstractRemoteTestNG.java:115)
	at org.testng.remote.RemoteTestNG.initAndRun(RemoteTestNG.java:293)
	at org.testng.remote.RemoteTestNG.main(RemoteTestNG.java:91)
</div></td></tr></table><p class="totop"><a href="#summary">back to summary</a></p>
<h3 id="m11">com.automate.testcases.ui.AccountPageTests#clickAccountManagerLink</h3><table class="result"><tr><th class="invisible"/></tr></table><p class="totop"><a href="#summary">back to summary</a></p>
</body>
</html>
